1thm 1    -2.0  
1thm 2    -1.4  
1scd 1    -1.6  
1scd 2    -1.1  
1b90 1    -1.3  
5pal 1    -1.7  
5pal 2    -1.9  
1fj3 1    -1.8  
1fj3 2    -1.2  
1fj3 3    -1.2  
1fj3 4    -1.4  
1glg 1    -1.9  
1psh 1    -1.3  
1psh 2    -1.0  
1psh 3    -1.2  
1snc 1    -1.1  
4icb 1    -1.7  
4icb 2    -1.7  
1exr 1    -1.7  
1exr 2    -1.7  
1exr 3    -1.7  
1exr 4    -0.6  
1exr 5    -1.7  
3cln 1    -1.7  
3cln 2    -1.6  
3cln 3    -1.5  
3cln 4    -1.5  
1nls 1    -1.5  
2prk 1    -1.1  
2prk 2    -0.9  
1k96 1    -1.7  
1k96 2    -1.6  
1ala 1    -1.1  
1ala 2    -1.2  
1ala 3    -1.2  
1aui 1    -1.4  
1aui 2    -1.6  
1aui 3    -1.2  
1aui 4    -1.0  
1alv 1    -1.3  
1alv 2    -1.5  
1alv 3    -1.6  
1alv 4    -1.6  
1alv 5    -1.4  
1alv 6    -1.5  
1alv 7    -1.6  
1alv 8    -1.6  
1avs 1    -1.4  
1avs 2    -1.7  
1avs 3    -1.4  
1avs 4    -1.6  
3est 1    -1.6  
