pdb	ca	DGvina	DGfx	DGexp	DGexp2  DGvinaH	DGfxP	DGvinaR	SAS1.4   SAS0.7   SAS0.5   SAS0.3    SAS0.6   SAS0.4
1thm	1	2.0	14.6	13.6	13.6    2.0	14.8	2.0	0.0000   0.0000   0.0191   2.5716    0.0000   0.7719  	
1thm	2	1.4	5.9	NA	NA      1.4	6.4	1.4	2.7900   6.3757   7.3670   9.0182    7.0185   7.8169  
1scd	1	1.6	8.5	9.3	9.8     1.8	9.2	1.9	0.0000   0.0000   0.7424   4.3318    0.0195   2.0899  	
1scd	2	1.1	-0.9	4.1	4.1     1.1	NA	1.1	 2.7730   14.603   14.932   14.6235   15.149   14.6808
1b90	1	1.3	9.1	12.3	11.6    1.3	9.0	1.3	0.0000   3.9918   6.6857   9.3109    5.1649   7.7876  	
5pal	1	1.7	9.3	12.8	12.8    1.7	10.5	1.7	0.6617   2.8212   3.6725   5.8795    3.1029   4.3368  	
5pal	2	1.9	14.9	12.8	12.8    1.9	15.5	1.9	0.0000   0.0000   0.1507   2.6020    0.0160   1.0628  	
1fj3	1	1.8	1.7	5.0	5.0     1.8	7.0	1.8	0.0000   3.0016   4.1775    10.2154  3.4767    6.5660 	
1fj3	2	1.2	0.6	5.0	5.0     1.2	4.9	1.2	1.0166   9.1472   10.2692   12.7081   9.6284   11.4808	
1fj3	3	1.2	1.7	5.0	5.0     1.2	3.9	1.2	 13.8698 13.0111   12.526   13.6337  12.6891   13.0149
1fj3	4	1.4	-1.2	NA	NA      1.4	NA	1.4	5.4927   8.3014    9.6640   12.9969  8.5805    10.8776
1glg	1	1.9	13.5	7.8	8.6     1.3	14.6	1.9	0.0000   0.0000   0.0702   1.6573    0.0018   0.3903  	
1psh	1	1.3	-22	4.9	4.9     1.3	6.5	1.3	1.1565   4.1255   4.7104   5.3794    4.4124   5.0409  
1psh	2	1.0	0.2	4.9	4.9     1.0	9.9	1.0	0.5614   3.1698   3.7687   4.2885    3.4687   4.0434  
1psh	3	1.2	-73	4.9	4.9     1.2	8.4	1.2	0.2819   3.0962   3.7502   4.4754    3.4230   4.1024  
1snc	1	1.1	1.7	5.9	5.9     1.1	3.7	1.1	3.3322   10.9235  11.1648   12.2974  11.0161   11.6225
4icb	1	1.7	8.7	11.3	11.3    1.7	9.2	1.7	0.2813   2.4816   3.0446   5.1942    2.7309   3.8116  	
4icb	2	1.7	9.5	11.3	10.8    1.7	11.2	1.7	0.5136   3.0569   3.8911   5.9082    3.4067   4.6325  	
1exr	1	1.7	9.0	8.9	8.9     1.7	10.0	1.7	0.3446   2.8296   3.4713   5.3007    3.0632   4.1552  	
1exr	2	1.7	12.4	10	10      1.7	11.1	1.7	0.0000   3.7807   4.4402   6.1322    4.1426   4.9419  	
1exr	3	1.7	7.5	8.9	8.9     1.7	9.2	1.7	0.0000   2.4006   3.1771   5.0190    2.7358   3.7886  	
1exr	4	0.6	-0.8	-1.2	-1.2    0.6	NA	0.6	 32.5028  23.567   19.986   16.7253   21.739   18.3122
1exr	5	1.7	10.3	10	10      1.2	10.8	1.7	0.8491   2.7332   3.1962   4.9436    2.9610   3.7697  	
3cln	1	1.7	9.6	8.9	8.9     1.7	11.2	1.7	1.0840   2.8027   3.4040   5.8318    3.0409   4.0232  	
3cln	2	1.6	8.6	10	10      1.6	10.8	1.6	0.3748   3.0780   3.4982   4.6969    3.2738   3.8239  	
3cln	3	1.5	4.2	8.9	8.9     1.1	7.6	1.5	0.5150   2.1363   2.6383   3.8965    2.3773   3.0800  	
3cln	4	1.5	7.6	10	10      1.5	9.2	1.5	0.0000   2.1494   2.8477   4.3242    2.4824   3.3689  	
1nls	1	1.5	6.6	9.6	9.6     1.5	7.2	1.5	0.0000   6.7452   7.0812   8.2143    6.8874   7.4417  	
2prk	1	1.1	4.0	9.5	9.5     1.1	4.5	1.1	5.1338   10.9161   11.370   12.1731  11.1315   11.6742
2prk	2	0.9	0.7	NA	NA      0.9	NA	0.9	 19.2896  17.092   15.574   14.3749   16.313   14.8993
1k96	1	1.7	10.3	10.1	10.1    1.7	11.6	1.7	0.2413   2.7710   3.3520   5.8065    3.0274   3.9825  	
1k96	2	1.6	7.4	6.6	6.6     1.6	9.3	1.6	0.2840   2.0543   3.1409   4.8761    2.5573   3.8680  	
1ala	1	1.1	4.7	6.0	6.0     1.1	6.5	1.1	3.8394   5.8921   6.4972   8.1186    6.1186   7.1596  
1ala	2	1.2	3.9	4.6	4.6     1.2	6.4	1.2	2.9326   5.8405   6.9014   9.0259    6.3748   7.7435  
1ala	3	1.2	0.5	4.4	4.4     1.2	5.4	1.2	5.4935   7.3398   7.8593   9.4720    7.6210   8.3844  
1aui	1	1.4	-2.5	11.3	11.3    1.4	10.4	1.4	0.0000   1.0397   1.7158   3.3994    1.3539   2.2434  	
1aui	2	1.6	6.6	11.3	11.3    1.6	10.3	1.6	0.2774   2.1473   2.9697   5.1087    2.3814   3.7433  	
1aui	3	1.2	5.5	7.1	7.1     1.1	5.9	1.2	0.2478   2.3975   2.9781   5.4117    2.6605   3.9932  	
1aui	4	1.0	-76	7.1	7.1     1.0	5.5	1.0	0.0000   1.3474   2.1784   3.6484    1.5123   2.7856  	
1alv	1	1.3	3.0	8.3	8.3     1.3	6.1	1.3	0.2725   4.2478   4.8054   5.9433    4.5278   5.2234  
1alv	2	1.5	7.5	8.3	8.3     1.5	8.1	1.5	0.0000   1.2355   1.8423   3.3916    1.5148   2.3679  	
1alv	3	1.6	7.6	8.3	8.3     1.6	9.2	1.6	0.4609   2.6683   3.3353   4.8600    2.9911   3.8138  	
1alv	4	1.6	4.2	8.3	8.3     1.6	6.0	1.6	12.1594  5.1029   5.5495   6.3409    5.3090   5.8672  
1avs	1	1.4	5.9	8.3	8.3     1.4	12.1	1.4	2.9426   5.9944   6.4260   8.0483    6.1921   7.0749  
1avs	2	1.7	10.4	11.7	11.7    1.7	11.0	1.7	0.2050   2.4635   3.1316   5.0933    2.7307   3.7704  
1avs	3	1.4	6.9	8.3	8.3     1.4	7.9	1.4	3.0689   5.8689   6.1488   7.3753    6.0022   6.5328  
1avs	4	1.6	12.7	11.7	11.7    1.6	13.3	1.6	0.0933   2.3114   2.9221   4.5778    2.5630   3.4669  
3est	1	1.6	6.8	6.4	6.4     1.6	5.1	1.6	1.2543   3.2914   4.7742    8.8997   3.8135    6.5590 
		
		
			
			
	