1thm 1 0.0000 0.0000 
1thm 2 7.1138 7.0185 
1scd 1 0.8314 0.0195 
1scd 2 10.4393 15.1494 
1b90 1 6.9127 5.1649 
5pal 1 4.0529 3.1029 
5pal 2 0.8073 0.0160 
1fj3 1 6.0591 3.4767 
1fj3 2 10.1577 9.6284 
1fj3 3 9.3650 12.6891 
1fj3 4 8.2366 8.5805 
1glg 1 0.6234 0.0018 
1psh 1 4.8422 4.4124 
1psh 2 4.0028 3.4687 
1psh 3 4.1572 3.4230 
1snc 1 9.2257 11.0161 
4icb 1 3.6427 2.7309 
4icb 2 5.3114 3.4067 
1exr 1 3.8324 3.0632 
1exr 2 4.7596 4.1426 
1exr 3 3.9169 2.7358 
1exr 4 11.3498 21.7390 
1exr 5 3.7434 2.9610 
3cln 1 3.8463 3.0409 
3cln 2 3.8500 3.2738 
3cln 3 3.3540 2.3773 
3cln 4 3.6156 2.4824 
1nls 1 6.4474 6.8874 
2prk 1 9.8618 11.1315 
2prk 2 10.6117 16.3132 
1k96 1 3.9125 3.0274 
1k96 2 4.7409 2.5573 
1ala 1 6.7939 6.1186 
1ala 2 7.1530 6.3748 
1ala 3 7.1247 7.6210 
1aui 1 2.8299 1.3539 
1aui 2 3.2553 2.3814 
1aui 3 3.5994 2.6605 
1aui 4 2.2796 1.5123 
1alv 1 5.0051 4.5278 
1alv 2 2.7497 1.5148 
1alv 3 4.1086 2.9911 
1alv 4 5.4801 5.3090 
1avs 1 6.0775 6.1921 
1avs 2 4.3618 2.7307 
1avs 3 5.7073 6.0022 
1avs 4 3.5357 2.5630 
3est 1 6.2510 3.8135 
