1thm 1 0.0000 0.0000 
1thm 2 6.9778 6.3757 
1scd 1 0.0000 0.0000 
1scd 2 10.8631 14.6034 
1b90 1 6.9564 3.9918 
5pal 1 3.9523 2.8212 
5pal 2 0.0000 0.0000 
1fj3 1 4.6106 3.0016 
1fj3 2 8.4320 9.1472 
1fj3 3 9.1343 13.0111 
1fj3 4 7.9641 8.3014 
1glg 1 0.0000 0.0000 
1psh 1 4.7409 4.1255 
1psh 2 3.8976 3.1698 
1psh 3 4.0759 3.0962 
1snc 1 8.7569 10.9235 
4icb 1 3.5039 2.4816 
4icb 2 4.0190 3.0569 
1exr 1 3.8458 2.8296 
1exr 2 4.7460 3.7807 
1exr 3 3.8363 2.4006 
1exr 4 11.3705 23.5673 
1exr 5 3.6823 2.7332 
3cln 1 3.7330 2.8027 
3cln 2 3.7617 3.0780 
3cln 3 3.2775 2.1363 
3cln 4 3.6678 2.1494 
1nls 1 6.3410 6.7452 
2prk 1 9.6870 10.9161 
2prk 2 10.5574 17.0926 
1k96 1 3.7520 2.7710 
1k96 2 3.6900 2.0543 
1ala 1 6.0011 5.8921 
1ala 2 6.8711 5.8405 
1ala 3 6.9124 7.3398 
1aui 1 2.6506 1.0397 
1aui 2 3.2147 2.1473 
1aui 3 3.6155 2.3975 
1aui 4 2.2151 1.3474 
1alv 1 5.0047 4.2478 
1alv 2 2.6189 1.2355 
1alv 3 3.9417 2.6683 
1alv 4 5.3509 5.1029 
1avs 1 5.9832 5.9944 
1avs 2 3.5830 2.4635 
1avs 3 5.7652 5.8689 
1avs 4 3.4477 2.3114 
3est 1 4.9941 3.2914 
