1thm 1 4.8323 0.7719 
1thm 2 8.4362 7.8169 
1scd 1 6.3806 2.0899 
1scd 2 11.5664 14.6808 
1b90 1 9.4667 7.7876 
5pal 1 6.7325 4.3368 
5pal 2 4.0240 1.0628 
1fj3 1 11.5989 6.5660 
1fj3 2 11.3899 11.4808 
1fj3 3 11.4438 13.0149 
1fj3 4 11.5584 10.8776 
1glg 1 2.9471 0.3903 
1psh 1 5.2064 5.0409 
1psh 2 4.1105 4.0434 
1psh 3 4.5141 4.1024 
1snc 1 10.6426 11.6225 
4icb 1 6.6104 3.8116 
4icb 2 6.7471 4.6325 
1exr 1 6.2015 4.1552 
1exr 2 6.9797 4.9419 
1exr 3 6.4617 3.7886 
1exr 4 11.3775 18.3122 
1exr 5 6.2524 3.7697 
3cln 1 6.2951 4.0232 
3cln 2 5.7915 3.8239 
3cln 3 4.5867 3.0800 
3cln 4 5.2608 3.3689 
1nls 1 7.9145 7.4417 
2prk 1 10.5521 11.6742 
2prk 2 10.9338 14.8993 
1k96 1 6.0431 3.9825 
1k96 2 5.8769 3.8680 
1ala 1 8.3951 7.1596 
1ala 2 8.9728 7.7435 
1ala 3 9.2187 8.3844 
1aui 1 5.1551 2.2434 
1aui 2 6.4595 3.7433 
1aui 3 6.5098 3.9932 
1aui 4 4.8261 2.7856 
1alv 1 6.2823 5.2234 
1alv 2 4.4359 2.3679 
1alv 3 5.6283 3.8138 
1alv 4 6.0738 5.8672 
1alv 5 7.4647 6.4941 
1alv 6 3.9722 2.5295 
1alv 7 6.1038 3.7715 
1alv 8 5.5178 5.5908 
1avs 1 8.4078 7.0749 
1avs 2 6.7017 3.7704 
1avs 3 7.7687 6.5328 
1avs 4 6.1590 3.4669 
3est 1 10.0510 6.5590 
