1thm 1 8.5929 2.5716 
1thm 2 9.6246 9.0182 
1scd 1 7.7356 4.3318 
1scd 2 11.6833 14.6235 
1b90 1 9.8412 9.3109 
5pal 1 9.3734 5.8795 
5pal 2 7.8797 2.6020 
1fj3 1 11.7701 10.2154 
1fj3 2 11.5360 12.7081 
1fj3 3 11.6179 13.6337 
1fj3 4 12.2918 12.9969 
1glg 1 6.4931 1.6573 
1psh 1 5.3550 5.3794 
1psh 2 4.1715 4.2885 
1psh 3 4.6418 4.4754 
1snc 1 11.3189 12.2974 
4icb 1 8.5625 5.1942 
4icb 2 9.0891 5.9082 
1exr 1 8.1668 5.3007 
1exr 2 9.2346 6.1322 
1exr 3 8.5266 5.0190 
1exr 4 11.4575 16.7253 
1exr 5 7.9290 4.9436 
3cln 1 9.0616 5.8318 
3cln 2 7.4051 4.6969 
3cln 3 6.1985 3.8965 
3cln 4 6.7301 4.3242 
1nls 1 9.7676 8.2143 
2prk 1 11.0141 12.1731 
2prk 2 11.1349 14.3749 
1k96 1 9.4273 5.8065 
1k96 2 7.4264 4.8761 
1ala 1 9.5026 8.1186 
1ala 2 9.1863 9.0259 
1ala 3 9.8408 9.4720 
1aui 1 5.8465 3.3994 
1aui 2 7.3871 5.1087 
1aui 3 6.7747 5.4117 
1aui 4 5.4009 3.6484 
1alv 1 7.1331 5.9433 
1alv 2 5.7199 3.3916 
1alv 3 6.7503 4.8600 
1alv 4 6.5628 6.3409 
1avs 1 9.1161 8.0483 
1avs 2 8.3465 5.0933 
1avs 3 8.4692 7.3753 
1avs 4 7.1011 4.5778 
3est 1 10.4761 8.8997 
