1thm 1 0.0000 0.0000 
1thm 2 6.8999 2.7900 
1scd 1 0.0000 0.0000 
1scd 2 11.2703 2.7730 
1b90 1 0.0000 0.0000 
5pal 1 4.8149 0.6617 
5pal 2 0.0000 0.0000 
1fj3 1 0.0000 0.0000 
1fj3 2 5.7655 1.0166 
1fj3 3 11.9566 13.8698 
1fj3 4 9.4143 5.4927 
1glg 1 0.0000 0.0000 
1psh 1 4.8591 1.1565 
1psh 2 4.7054 0.5614 
1psh 3 3.3119 0.2819 
1snc 1 9.1660 3.3322 
4icb 1 6.4070 0.2813 
4icb 2 5.0928 0.5136 
1exr 1 4.7150 0.3446 
1exr 2 0.0000 0.0000 
1exr 3 0.0000 0.0000 
1exr 4 15.1655 32.5028 
1exr 5 5.3352 0.8491 
3cln 1 4.1821 1.0840 
3cln 2 5.6462 0.3748 
3cln 3 4.3342 0.5150 
3cln 4 0.0000 0.0000 
1nls 1 0.0000 0.0000 
2prk 1 9.4488 5.1338 
2prk 2 14.6983 19.2896 
1k96 1 6.6564 0.2413 
1k96 2 3.1076 0.2840 
1ala 1 6.1316 3.8394 
1ala 2 5.6848 2.9326 
1ala 3 7.0145 5.4935 
1aui 1 0.0000 0.0000 
1aui 2 4.7795 0.2774 
1aui 3 4.2522 0.2478 
1aui 4 0.0000 0.0000 
1alv 1 4.5849 0.2725 
1alv 2 0.0000 0.0000 
1alv 3 4.5275 0.4609 
1alv 4 9.6115 12.1594 
1avs 1 8.6354 2.9426 
1avs 2 6.8719 0.2050 
1avs 3 8.0033 3.0689 
1avs 4 4.9898 0.0933 
3est 1 6.1347 1.2543  
