1thm 1 NA     NA     
1thm 2 6.7494 2.4580 
1scd 1 NA     NA     
1scd 2 9.6524 2.1066 
1b90 1 NA     NA     
5pal 1 6.7888 0.3480 
5pal 2 NA     NA     
1fj3 1 NA     NA     
1fj3 2 5.6524 0.6533 
1fj3 3 11.9464 13.7151 
1fj3 4 10.0305 4.7504 
1glg 1 NA     NA     
1psh 1 4.7305 0.7453 
1psh 2 3.8241 0.2430 
1psh 3 2.0602 0.1148 
1snc 1 13.1314 1.9277 
4icb 1 6.0746 0.0699 
4icb 2 5.0762 0.2876 
1exr 1 4.3529 0.1493 
1exr 2 NA     NA     
1exr 3 NA     NA     
1exr 4 15.1266 33.4068 
1exr 5 5.1912 0.5351 
3cln 1 5.4998 0.8482 
3cln 2 NA     NA     
3cln 3 4.2787 0.3130 
3cln 4 NA     NA     
1nls 1 NA     NA     
2prk 1 9.2413 4.5818 
2prk 2 14.9166 19.1571 
1k96 1 5.8328 0.0455 
1k96 2 4.2053 0.1503 
1ala 1 5.0431 3.5077 
1ala 2 5.6621 2.5278 
1ala 3 6.9804 5.2011 
1aui 1 NA     NA     
1aui 2 NA     NA     
1aui 3 4.9992 0.0507 
1aui 4 NA     NA     
1alv 1 2.9018 0.0210 
1alv 2 NA     NA     
1alv 3 5.4371 0.1839 
1alv 4 5.6029 0.0137 
1avs 1 8.5138 2.2581 
1avs 2 4.7696 0.0146 
1avs 3 5.1928 2.5405 
1avs 4 NA     NA     
3est 1 5.9436 0.9444 
